INFO:  latexindent.pl version 3.23.3, 2023-10-13, a script to indent .tex files
       latexindent.pl lives here: C:/Users/liaml/AppData/Roaming/MiKTeX/scripts/latexindent/
       Fri Feb 23 22:53:23 2024
       Filename: c:/Users/liaml/Documentos/LiamLlamazares.github.io/assets/latex_docs/PDEs/6. Existence elliptic/5. Fractional and negative order Sobolev spaces/__latexindent_temp_main.tex
INFO:  Processing switches:
       -y|--yaml: YAML settings specified via command line
       -c|--cruft: cruft directory
INFO:  Directory for backup files and c:/Users/liaml/Documentos/LiamLlamazares.github.io/assets/latex_docs/PDEs/6. Existence elliptic/5. Fractional and negative order Sobolev spaces//indent.log:
       c:/Users/liaml/Documentos/LiamLlamazares.github.io/assets/latex_docs/PDEs/6. Existence elliptic/5. Fractional and negative order Sobolev spaces/
INFO:  Perl modules are being loaded from the following directories:
       C:/Strawberry/perl/lib/FindBin.pm
       C:/Strawberry/perl/vendor/lib/YAML/Tiny.pm
       C:/Strawberry/perl/lib/File/Copy.pm
       C:/Strawberry/perl/lib/File/Basename.pm
       C:/Strawberry/perl/lib/Getopt/Long.pm
       C:/Strawberry/perl/vendor/lib/File/HomeDir.pm
INFO:  LatexIndent perl modules are being loaded from, for example:
       C:/Users/liaml/AppData/Roaming/MiKTeX/scripts/latexindent/LatexIndent/Document.pm
INFO:  YAML settings read: defaultSettings.yaml
       Reading defaultSettings.yaml from C:/Users/liaml/AppData/Roaming/MiKTeX/scripts/latexindent/defaultSettings.yaml
INFO:  YAML reading settings
       Home directory is C:\Users\liaml
       latexindent.pl didn't find indentconfig.yaml or .indentconfig.yaml
       see all possible locations: https://latexindentpl.readthedocs.io/en/latest/sec-appendices.html#indentconfig-options)
INFO:  YAML settings read: -y switch
       YAML setting: defaultIndent:'    '
       single-quoted string found in -y switch: '    ', substitute to     
       Updating mainSettings with defaultIndent:     
FATAL I couldn't find c:/Users/liaml/Documentos/LiamLlamazares.github.io/assets/latex_docs/PDEs/6. Existence elliptic/5. Fractional and negative order Sobolev spaces/__latexindent_temp_main.tex, are you sure it exists?
      Exiting, no indentation done.
       --------------
INFO:  Please direct all communication/issues to:
        https://github.com/cmhughes/latexindent.pl
